2018-05-17 15:28:39,292 [background-preinit] INFO  [org.hibernate.validator.internal.util.Version] - HV000001: Hibernate Validator 6.0.9.Final
2018-05-17 15:28:39,512 [main] INFO  [com.eight.eightapp.EightApplication] - Starting EightApplication on epsprjkzyl with PID 69880 (D:\workspace\eight\target\classes started by zhangyulong in D:\workspace\eight)
2018-05-17 15:28:39,513 [main] INFO  [com.eight.eightapp.EightApplication] - No active profile set, falling back to default profiles: default
2018-05-17 15:28:39,577 [main] INFO  [org.springframework.boot.web.servlet.context.AnnotationConfigServletWebServerApplicationContext] - Refreshing org.springframework.boot.web.servlet.context.AnnotationConfigServletWebServerApplicationContext@667a738: startup date [Thu May 17 15:28:39 CST 2018]; root of context hierarchy
2018-05-17 15:28:40,802 [main] WARN  [org.springframework.context.annotation.ConfigurationClassPostProcessor] - Cannot enhance @Configuration bean definition 'mapperScannerConfig' since its singleton instance has been created too early. The typical cause is a non-static @Bean method with a BeanDefinitionRegistryPostProcessor return type: Consider declaring such methods as 'static'.
2018-05-17 15:28:40,970 [main] INFO  [org.springframework.context.support.PostProcessorRegistrationDelegate$BeanPostProcessorChecker] - Bean 'shiroConfiguration' of type [com.eight.eightapp.shiro.ShiroConfiguration$$EnhancerBySpringCGLIB$$e75d1c46] is not eligible for getting processed by all BeanPostProcessors (for example: not eligible for auto-proxying)
2018-05-17 15:28:41,160 [main] INFO  [org.springframework.context.support.PostProcessorRegistrationDelegate$BeanPostProcessorChecker] - Bean 'dataSourceConfig' of type [com.eight.eightapp.config.DataSourceConfig$$EnhancerBySpringCGLIB$$53ac6a97] is not eligible for getting processed by all BeanPostProcessors (for example: not eligible for auto-proxying)
2018-05-17 15:28:41,174 [MLog-Init-Reporter] INFO  [com.mchange.v2.log.MLog] - MLog clients using log4j logging.
2018-05-17 15:28:41,200 [main] INFO  [com.mchange.v2.c3p0.C3P0Registry] - Initializing c3p0-0.9.5.2 [built 08-December-2015 22:06:04 -0800; debug? true; trace: 10]
2018-05-17 15:28:41,243 [main] INFO  [org.springframework.context.support.PostProcessorRegistrationDelegate$BeanPostProcessorChecker] - Bean 'dataSource' of type [com.mchange.v2.c3p0.ComboPooledDataSource] is not eligible for getting processed by all BeanPostProcessors (for example: not eligible for auto-proxying)
2018-05-17 15:28:41,244 [main] INFO  [org.springframework.context.support.PostProcessorRegistrationDelegate$BeanPostProcessorChecker] - Bean 'myBatisConfig' of type [com.eight.eightapp.config.MyBatisConfig$$EnhancerBySpringCGLIB$$2aeed16d] is not eligible for getting processed by all BeanPostProcessors (for example: not eligible for auto-proxying)
2018-05-17 15:28:41,425 [main] INFO  [org.springframework.context.support.PostProcessorRegistrationDelegate$BeanPostProcessorChecker] - Bean 'sqlSessionFactory' of type [org.mybatis.spring.SqlSessionFactoryBean] is not eligible for getting processed by all BeanPostProcessors (for example: not eligible for auto-proxying)
2018-05-17 15:28:41,426 [main] INFO  [org.springframework.context.support.PostProcessorRegistrationDelegate$BeanPostProcessorChecker] - Bean 'sqlSessionFactory' of type [org.apache.ibatis.session.defaults.DefaultSqlSessionFactory] is not eligible for getting processed by all BeanPostProcessors (for example: not eligible for auto-proxying)
2018-05-17 15:28:41,428 [main] INFO  [org.springframework.context.support.PostProcessorRegistrationDelegate$BeanPostProcessorChecker] - Bean 'eventDao' of type [org.mybatis.spring.mapper.MapperFactoryBean] is not eligible for getting processed by all BeanPostProcessors (for example: not eligible for auto-proxying)
2018-05-17 15:28:41,429 [main] INFO  [org.springframework.context.support.PostProcessorRegistrationDelegate$BeanPostProcessorChecker] - Bean 'permissionDao' of type [org.mybatis.spring.mapper.MapperFactoryBean] is not eligible for getting processed by all BeanPostProcessors (for example: not eligible for auto-proxying)
2018-05-17 15:28:41,429 [main] INFO  [org.springframework.context.support.PostProcessorRegistrationDelegate$BeanPostProcessorChecker] - Bean 'roleDao' of type [org.mybatis.spring.mapper.MapperFactoryBean] is not eligible for getting processed by all BeanPostProcessors (for example: not eligible for auto-proxying)
2018-05-17 15:28:41,430 [main] INFO  [org.springframework.context.support.PostProcessorRegistrationDelegate$BeanPostProcessorChecker] - Bean 'userDao' of type [org.mybatis.spring.mapper.MapperFactoryBean] is not eligible for getting processed by all BeanPostProcessors (for example: not eligible for auto-proxying)
2018-05-17 15:28:41,432 [main] INFO  [org.springframework.context.support.PostProcessorRegistrationDelegate$BeanPostProcessorChecker] - Bean 'persistenceExceptionTranslator' of type [org.mybatis.spring.mapper.MapperFactoryBean] is not eligible for getting processed by all BeanPostProcessors (for example: not eligible for auto-proxying)
2018-05-17 15:28:41,433 [main] INFO  [org.springframework.context.support.PostProcessorRegistrationDelegate$BeanPostProcessorChecker] - Bean 'userDao' of type [com.sun.proxy.$Proxy52] is not eligible for getting processed by all BeanPostProcessors (for example: not eligible for auto-proxying)
2018-05-17 15:28:41,434 [main] INFO  [org.springframework.context.support.PostProcessorRegistrationDelegate$BeanPostProcessorChecker] - Bean 'permissionDao' of type [com.sun.proxy.$Proxy53] is not eligible for getting processed by all BeanPostProcessors (for example: not eligible for auto-proxying)
2018-05-17 15:28:41,434 [main] INFO  [org.springframework.context.support.PostProcessorRegistrationDelegate$BeanPostProcessorChecker] - Bean 'shiroRealm' of type [com.eight.eightapp.shiro.ShiroRealm] is not eligible for getting processed by all BeanPostProcessors (for example: not eligible for auto-proxying)
2018-05-17 15:28:41,442 [main] INFO  [org.springframework.context.support.PostProcessorRegistrationDelegate$BeanPostProcessorChecker] - Bean 'securityManager' of type [org.apache.shiro.web.mgt.DefaultWebSecurityManager] is not eligible for getting processed by all BeanPostProcessors (for example: not eligible for auto-proxying)
2018-05-17 15:28:41,486 [main] INFO  [org.springframework.context.support.PostProcessorRegistrationDelegate$BeanPostProcessorChecker] - Bean 'transactionConfig' of type [com.eight.eightapp.config.TransactionConfig$$EnhancerBySpringCGLIB$$ef60feb8] is not eligible for getting processed by all BeanPostProcessors (for example: not eligible for auto-proxying)
2018-05-17 15:28:41,497 [main] INFO  [org.springframework.context.support.PostProcessorRegistrationDelegate$BeanPostProcessorChecker] - Bean 'authorizationAttributeSourceAdvisor' of type [org.apache.shiro.spring.security.interceptor.AuthorizationAttributeSourceAdvisor] is not eligible for getting processed by all BeanPostProcessors (for example: not eligible for auto-proxying)
2018-05-17 15:28:41,506 [main] INFO  [org.springframework.context.support.PostProcessorRegistrationDelegate$BeanPostProcessorChecker] - Bean 'annotationDrivenTransactionManager' of type [org.springframework.jdbc.datasource.DataSourceTransactionManager] is not eligible for getting processed by all BeanPostProcessors (for example: not eligible for auto-proxying)
2018-05-17 15:28:41,508 [main] INFO  [org.springframework.context.support.PostProcessorRegistrationDelegate$BeanPostProcessorChecker] - Bean 'org.springframework.transaction.annotation.ProxyTransactionManagementConfiguration' of type [org.springframework.transaction.annotation.ProxyTransactionManagementConfiguration$$EnhancerBySpringCGLIB$$a46dcaf] is not eligible for getting processed by all BeanPostProcessors (for example: not eligible for auto-proxying)
2018-05-17 15:28:41,863 [main] INFO  [org.springframework.boot.web.embedded.tomcat.TomcatWebServer] - Tomcat initialized with port(s): 8080 (http)
2018-05-17 15:28:41,999 [localhost-startStop-1] INFO  [org.springframework.web.context.ContextLoader] - Root WebApplicationContext: initialization completed in 2426 ms
2018-05-17 15:28:42,145 [localhost-startStop-1] INFO  [org.springframework.boot.web.servlet.ServletRegistrationBean] - Servlet dispatcherServlet mapped to [/]
2018-05-17 15:28:42,149 [localhost-startStop-1] INFO  [org.springframework.boot.web.servlet.FilterRegistrationBean] - Mapping filter: 'characterEncodingFilter' to: [/*]
2018-05-17 15:28:42,149 [localhost-startStop-1] INFO  [org.springframework.boot.web.servlet.FilterRegistrationBean] - Mapping filter: 'hiddenHttpMethodFilter' to: [/*]
2018-05-17 15:28:42,149 [localhost-startStop-1] INFO  [org.springframework.boot.web.servlet.FilterRegistrationBean] - Mapping filter: 'httpPutFormContentFilter' to: [/*]
2018-05-17 15:28:42,149 [localhost-startStop-1] INFO  [org.springframework.boot.web.servlet.FilterRegistrationBean] - Mapping filter: 'requestContextFilter' to: [/*]
2018-05-17 15:28:42,149 [localhost-startStop-1] INFO  [org.springframework.boot.web.servlet.FilterRegistrationBean] - Mapping filter: 'shiroFilter' to: [/*]
2018-05-17 15:28:42,269 [main] INFO  [org.springframework.web.servlet.handler.SimpleUrlHandlerMapping] - Mapped URL path [/**/favicon.ico] onto handler of type [class org.springframework.web.servlet.resource.ResourceHttpRequestHandler]
2018-05-17 15:28:42,666 [main] INFO  [org.springframework.web.servlet.mvc.method.annotation.RequestMappingHandlerAdapter] - Looking for @ControllerAdvice: org.springframework.boot.web.servlet.context.AnnotationConfigServletWebServerApplicationContext@667a738: startup date [Thu May 17 15:28:39 CST 2018]; root of context hierarchy
2018-05-17 15:28:42,721 [main] INFO  [org.springframework.web.servlet.mvc.method.annotation.RequestMappingHandlerMapping] - Mapped "{[/events],methods=[PUT]}" onto public com.eight.eightapp.bean.Event com.eight.eightapp.controller.EventController.update(com.eight.eightapp.bean.Event)
2018-05-17 15:28:42,722 [main] INFO  [org.springframework.web.servlet.mvc.method.annotation.RequestMappingHandlerMapping] - Mapped "{[/events/{id}],methods=[DELETE]}" onto public int com.eight.eightapp.controller.EventController.delete(java.lang.Integer)
2018-05-17 15:28:42,722 [main] INFO  [org.springframework.web.servlet.mvc.method.annotation.RequestMappingHandlerMapping] - Mapped "{[/events],methods=[POST]}" onto public com.eight.eightapp.bean.Event com.eight.eightapp.controller.EventController.create(com.eight.eightapp.bean.Event)
2018-05-17 15:28:42,723 [main] INFO  [org.springframework.web.servlet.mvc.method.annotation.RequestMappingHandlerMapping] - Mapped "{[/events],methods=[GET]}" onto public java.util.List<com.eight.eightapp.bean.Event> com.eight.eightapp.controller.EventController.list(javax.servlet.http.HttpServletRequest)
2018-05-17 15:28:42,723 [main] INFO  [org.springframework.web.servlet.mvc.method.annotation.RequestMappingHandlerMapping] - Mapped "{[/events/{id}],methods=[GET]}" onto public com.eight.eightapp.bean.Event com.eight.eightapp.controller.EventController.detail(java.lang.Integer)
2018-05-17 15:28:42,724 [main] INFO  [org.springframework.web.servlet.mvc.method.annotation.RequestMappingHandlerMapping] - Mapped "{[/index]}" onto public java.lang.String com.eight.eightapp.controller.IndexController.index(org.springframework.ui.Model)
2018-05-17 15:28:42,724 [main] INFO  [org.springframework.web.servlet.mvc.method.annotation.RequestMappingHandlerMapping] - Mapped "{[/test]}" onto public java.lang.String com.eight.eightapp.controller.IndexController.test(java.util.Map<java.lang.String, java.lang.Object>)
2018-05-17 15:28:42,724 [main] INFO  [org.springframework.web.servlet.mvc.method.annotation.RequestMappingHandlerMapping] - Mapped "{[/]}" onto public java.lang.String com.eight.eightapp.controller.LoginController.index()
2018-05-17 15:28:42,725 [main] INFO  [org.springframework.web.servlet.mvc.method.annotation.RequestMappingHandlerMapping] - Mapped "{[/login],methods=[GET]}" onto public java.lang.String com.eight.eightapp.controller.LoginController.login()
2018-05-17 15:28:42,725 [main] INFO  [org.springframework.web.servlet.mvc.method.annotation.RequestMappingHandlerMapping] - Mapped "{[/login],methods=[POST]}" onto public java.lang.String com.eight.eightapp.controller.LoginController.login(java.lang.String,java.lang.String,boolean)
2018-05-17 15:28:42,727 [main] INFO  [org.springframework.web.servlet.mvc.method.annotation.RequestMappingHandlerMapping] - Mapped "{[/users],methods=[PUT]}" onto public com.eight.eightapp.bean.User com.eight.eightapp.controller.UserController.update(com.eight.eightapp.bean.User)
2018-05-17 15:28:42,727 [main] INFO  [org.springframework.web.servlet.mvc.method.annotation.RequestMappingHandlerMapping] - Mapped "{[/users/{id}],methods=[DELETE]}" onto public int com.eight.eightapp.controller.UserController.delete(java.lang.Integer)
2018-05-17 15:28:42,727 [main] INFO  [org.springframework.web.servlet.mvc.method.annotation.RequestMappingHandlerMapping] - Mapped "{[/users],methods=[POST]}" onto public com.eight.eightapp.bean.User com.eight.eightapp.controller.UserController.create(com.eight.eightapp.bean.User)
2018-05-17 15:28:42,727 [main] INFO  [org.springframework.web.servlet.mvc.method.annotation.RequestMappingHandlerMapping] - Mapped "{[/users],methods=[GET]}" onto public java.util.List<com.eight.eightapp.bean.User> com.eight.eightapp.controller.UserController.list(javax.servlet.http.HttpServletRequest)
2018-05-17 15:28:42,727 [main] INFO  [org.springframework.web.servlet.mvc.method.annotation.RequestMappingHandlerMapping] - Mapped "{[/users/{id}],methods=[GET]}" onto public com.eight.eightapp.bean.User com.eight.eightapp.controller.UserController.detail(java.lang.Integer)
2018-05-17 15:28:42,732 [main] INFO  [org.springframework.web.servlet.mvc.method.annotation.RequestMappingHandlerMapping] - Mapped "{[/error]}" onto public org.springframework.http.ResponseEntity<java.util.Map<java.lang.String, java.lang.Object>> org.springframework.boot.autoconfigure.web.servlet.error.BasicErrorController.error(javax.servlet.http.HttpServletRequest)
2018-05-17 15:28:42,732 [main] INFO  [org.springframework.web.servlet.mvc.method.annotation.RequestMappingHandlerMapping] - Mapped "{[/error],produces=[text/html]}" onto public org.springframework.web.servlet.ModelAndView org.springframework.boot.autoconfigure.web.servlet.error.BasicErrorController.errorHtml(javax.servlet.http.HttpServletRequest,javax.servlet.http.HttpServletResponse)
2018-05-17 15:28:42,764 [main] INFO  [org.springframework.web.servlet.handler.SimpleUrlHandlerMapping] - Mapped URL path [/webjars/**] onto handler of type [class org.springframework.web.servlet.resource.ResourceHttpRequestHandler]
2018-05-17 15:28:42,765 [main] INFO  [org.springframework.web.servlet.handler.SimpleUrlHandlerMapping] - Mapped URL path [/**] onto handler of type [class org.springframework.web.servlet.resource.ResourceHttpRequestHandler]
2018-05-17 15:28:42,903 [main] INFO  [org.springframework.boot.autoconfigure.web.servlet.WelcomePageHandlerMapping] - Adding welcome page template: index
2018-05-17 15:28:42,998 [main] INFO  [org.springframework.web.servlet.view.freemarker.FreeMarkerConfigurer] - ClassTemplateLoader for Spring macros added to FreeMarker configuration
2018-05-17 15:28:43,164 [main] INFO  [org.springframework.jmx.export.annotation.AnnotationMBeanExporter] - Registering beans for JMX exposure on startup
2018-05-17 15:28:43,206 [main] INFO  [org.springframework.boot.web.embedded.tomcat.TomcatWebServer] - Tomcat started on port(s): 8080 (http) with context path ''
2018-05-17 15:28:43,209 [main] INFO  [com.eight.eightapp.EightApplication] - Started EightApplication in 4.216 seconds (JVM running for 5.501)
2018-05-17 15:28:51,439 [http-nio-8080-exec-1] INFO  [org.springframework.web.servlet.DispatcherServlet] - FrameworkServlet 'dispatcherServlet': initialization started
2018-05-17 15:28:51,471 [http-nio-8080-exec-1] INFO  [org.springframework.web.servlet.DispatcherServlet] - FrameworkServlet 'dispatcherServlet': initialization completed in 32 ms
2018-05-17 15:30:10,808 [background-preinit] INFO  [org.hibernate.validator.internal.util.Version] - HV000001: Hibernate Validator 6.0.9.Final
2018-05-17 15:30:11,134 [main] INFO  [com.eight.eightapp.EightApplication] - Starting EightApplication on epsprjkzyl with PID 70328 (D:\workspace\eight\target\classes started by zhangyulong in D:\workspace\eight)
2018-05-17 15:30:11,135 [main] INFO  [com.eight.eightapp.EightApplication] - No active profile set, falling back to default profiles: default
2018-05-17 15:30:11,209 [main] INFO  [org.springframework.boot.web.servlet.context.AnnotationConfigServletWebServerApplicationContext] - Refreshing org.springframework.boot.web.servlet.context.AnnotationConfigServletWebServerApplicationContext@7bc1a03d: startup date [Thu May 17 15:30:11 CST 2018]; root of context hierarchy
2018-05-17 15:30:12,602 [main] WARN  [org.springframework.context.annotation.ConfigurationClassPostProcessor] - Cannot enhance @Configuration bean definition 'mapperScannerConfig' since its singleton instance has been created too early. The typical cause is a non-static @Bean method with a BeanDefinitionRegistryPostProcessor return type: Consider declaring such methods as 'static'.
2018-05-17 15:33:06,209 [background-preinit] INFO  [org.hibernate.validator.internal.util.Version] - HV000001: Hibernate Validator 6.0.9.Final
2018-05-17 15:33:06,648 [main] INFO  [com.eight.eightapp.EightApplication] - Starting EightApplication on epsprjkzyl with PID 65404 (D:\workspace\eight\target\classes started by zhangyulong in D:\workspace\eight)
2018-05-17 15:33:06,649 [main] INFO  [com.eight.eightapp.EightApplication] - No active profile set, falling back to default profiles: default
2018-05-17 15:33:06,733 [main] INFO  [org.springframework.boot.web.servlet.context.AnnotationConfigServletWebServerApplicationContext] - Refreshing org.springframework.boot.web.servlet.context.AnnotationConfigServletWebServerApplicationContext@3b2c72c2: startup date [Thu May 17 15:33:06 CST 2018]; root of context hierarchy
2018-05-17 15:33:07,898 [main] WARN  [org.springframework.context.annotation.ConfigurationClassPostProcessor] - Cannot enhance @Configuration bean definition 'mapperScannerConfig' since its singleton instance has been created too early. The typical cause is a non-static @Bean method with a BeanDefinitionRegistryPostProcessor return type: Consider declaring such methods as 'static'.
2018-05-17 15:33:08,073 [main] INFO  [org.springframework.context.support.PostProcessorRegistrationDelegate$BeanPostProcessorChecker] - Bean 'shiroConfiguration' of type [com.eight.eightapp.shiro.ShiroConfiguration$$EnhancerBySpringCGLIB$$6a27bc55] is not eligible for getting processed by all BeanPostProcessors (for example: not eligible for auto-proxying)
2018-05-17 15:33:08,277 [main] INFO  [org.springframework.context.support.PostProcessorRegistrationDelegate$BeanPostProcessorChecker] - Bean 'dataSourceConfig' of type [com.eight.eightapp.config.DataSourceConfig$$EnhancerBySpringCGLIB$$d6770aa6] is not eligible for getting processed by all BeanPostProcessors (for example: not eligible for auto-proxying)
2018-05-17 15:33:08,292 [MLog-Init-Reporter] INFO  [com.mchange.v2.log.MLog] - MLog clients using log4j logging.
2018-05-17 15:33:08,318 [main] INFO  [com.mchange.v2.c3p0.C3P0Registry] - Initializing c3p0-0.9.5.2 [built 08-December-2015 22:06:04 -0800; debug? true; trace: 10]
2018-05-17 15:33:08,362 [main] INFO  [org.springframework.context.support.PostProcessorRegistrationDelegate$BeanPostProcessorChecker] - Bean 'dataSource' of type [com.mchange.v2.c3p0.ComboPooledDataSource] is not eligible for getting processed by all BeanPostProcessors (for example: not eligible for auto-proxying)
2018-05-17 15:33:08,363 [main] INFO  [org.springframework.context.support.PostProcessorRegistrationDelegate$BeanPostProcessorChecker] - Bean 'myBatisConfig' of type [com.eight.eightapp.config.MyBatisConfig$$EnhancerBySpringCGLIB$$adb9717c] is not eligible for getting processed by all BeanPostProcessors (for example: not eligible for auto-proxying)
2018-05-17 15:33:08,529 [main] INFO  [org.springframework.context.support.PostProcessorRegistrationDelegate$BeanPostProcessorChecker] - Bean 'sqlSessionFactory' of type [org.mybatis.spring.SqlSessionFactoryBean] is not eligible for getting processed by all BeanPostProcessors (for example: not eligible for auto-proxying)
2018-05-17 15:33:08,530 [main] INFO  [org.springframework.context.support.PostProcessorRegistrationDelegate$BeanPostProcessorChecker] - Bean 'sqlSessionFactory' of type [org.apache.ibatis.session.defaults.DefaultSqlSessionFactory] is not eligible for getting processed by all BeanPostProcessors (for example: not eligible for auto-proxying)
2018-05-17 15:33:08,532 [main] INFO  [org.springframework.context.support.PostProcessorRegistrationDelegate$BeanPostProcessorChecker] - Bean 'eventDao' of type [org.mybatis.spring.mapper.MapperFactoryBean] is not eligible for getting processed by all BeanPostProcessors (for example: not eligible for auto-proxying)
2018-05-17 15:33:08,532 [main] INFO  [org.springframework.context.support.PostProcessorRegistrationDelegate$BeanPostProcessorChecker] - Bean 'permissionDao' of type [org.mybatis.spring.mapper.MapperFactoryBean] is not eligible for getting processed by all BeanPostProcessors (for example: not eligible for auto-proxying)
2018-05-17 15:33:08,533 [main] INFO  [org.springframework.context.support.PostProcessorRegistrationDelegate$BeanPostProcessorChecker] - Bean 'roleDao' of type [org.mybatis.spring.mapper.MapperFactoryBean] is not eligible for getting processed by all BeanPostProcessors (for example: not eligible for auto-proxying)
2018-05-17 15:33:08,534 [main] INFO  [org.springframework.context.support.PostProcessorRegistrationDelegate$BeanPostProcessorChecker] - Bean 'userDao' of type [org.mybatis.spring.mapper.MapperFactoryBean] is not eligible for getting processed by all BeanPostProcessors (for example: not eligible for auto-proxying)
2018-05-17 15:33:08,536 [main] INFO  [org.springframework.context.support.PostProcessorRegistrationDelegate$BeanPostProcessorChecker] - Bean 'persistenceExceptionTranslator' of type [org.mybatis.spring.mapper.MapperFactoryBean] is not eligible for getting processed by all BeanPostProcessors (for example: not eligible for auto-proxying)
2018-05-17 15:33:08,537 [main] INFO  [org.springframework.context.support.PostProcessorRegistrationDelegate$BeanPostProcessorChecker] - Bean 'userDao' of type [com.sun.proxy.$Proxy52] is not eligible for getting processed by all BeanPostProcessors (for example: not eligible for auto-proxying)
2018-05-17 15:33:08,539 [main] INFO  [org.springframework.context.support.PostProcessorRegistrationDelegate$BeanPostProcessorChecker] - Bean 'permissionDao' of type [com.sun.proxy.$Proxy53] is not eligible for getting processed by all BeanPostProcessors (for example: not eligible for auto-proxying)
2018-05-17 15:33:08,539 [main] INFO  [org.springframework.context.support.PostProcessorRegistrationDelegate$BeanPostProcessorChecker] - Bean 'shiroRealm' of type [com.eight.eightapp.shiro.ShiroRealm] is not eligible for getting processed by all BeanPostProcessors (for example: not eligible for auto-proxying)
2018-05-17 15:33:08,549 [main] INFO  [org.springframework.context.support.PostProcessorRegistrationDelegate$BeanPostProcessorChecker] - Bean 'securityManager' of type [org.apache.shiro.web.mgt.DefaultWebSecurityManager] is not eligible for getting processed by all BeanPostProcessors (for example: not eligible for auto-proxying)
2018-05-17 15:33:08,596 [main] INFO  [org.springframework.context.support.PostProcessorRegistrationDelegate$BeanPostProcessorChecker] - Bean 'transactionConfig' of type [com.eight.eightapp.config.TransactionConfig$$EnhancerBySpringCGLIB$$722b9ec7] is not eligible for getting processed by all BeanPostProcessors (for example: not eligible for auto-proxying)
2018-05-17 15:33:08,611 [main] INFO  [org.springframework.context.support.PostProcessorRegistrationDelegate$BeanPostProcessorChecker] - Bean 'authorizationAttributeSourceAdvisor' of type [org.apache.shiro.spring.security.interceptor.AuthorizationAttributeSourceAdvisor] is not eligible for getting processed by all BeanPostProcessors (for example: not eligible for auto-proxying)
2018-05-17 15:33:08,622 [main] INFO  [org.springframework.context.support.PostProcessorRegistrationDelegate$BeanPostProcessorChecker] - Bean 'annotationDrivenTransactionManager' of type [org.springframework.jdbc.datasource.DataSourceTransactionManager] is not eligible for getting processed by all BeanPostProcessors (for example: not eligible for auto-proxying)
2018-05-17 15:33:08,624 [main] INFO  [org.springframework.context.support.PostProcessorRegistrationDelegate$BeanPostProcessorChecker] - Bean 'org.springframework.transaction.annotation.ProxyTransactionManagementConfiguration' of type [org.springframework.transaction.annotation.ProxyTransactionManagementConfiguration$$EnhancerBySpringCGLIB$$8d117cbe] is not eligible for getting processed by all BeanPostProcessors (for example: not eligible for auto-proxying)
2018-05-17 15:33:08,928 [main] INFO  [org.springframework.boot.web.embedded.tomcat.TomcatWebServer] - Tomcat initialized with port(s): 8080 (http)
2018-05-17 15:33:09,081 [localhost-startStop-1] INFO  [org.springframework.web.context.ContextLoader] - Root WebApplicationContext: initialization completed in 2352 ms
2018-05-17 15:33:09,235 [localhost-startStop-1] INFO  [org.springframework.boot.web.servlet.ServletRegistrationBean] - Servlet dispatcherServlet mapped to [/]
2018-05-17 15:33:09,239 [localhost-startStop-1] INFO  [org.springframework.boot.web.servlet.FilterRegistrationBean] - Mapping filter: 'characterEncodingFilter' to: [/*]
2018-05-17 15:33:09,239 [localhost-startStop-1] INFO  [org.springframework.boot.web.servlet.FilterRegistrationBean] - Mapping filter: 'hiddenHttpMethodFilter' to: [/*]
2018-05-17 15:33:09,239 [localhost-startStop-1] INFO  [org.springframework.boot.web.servlet.FilterRegistrationBean] - Mapping filter: 'httpPutFormContentFilter' to: [/*]
2018-05-17 15:33:09,239 [localhost-startStop-1] INFO  [org.springframework.boot.web.servlet.FilterRegistrationBean] - Mapping filter: 'requestContextFilter' to: [/*]
2018-05-17 15:33:09,240 [localhost-startStop-1] INFO  [org.springframework.boot.web.servlet.FilterRegistrationBean] - Mapping filter: 'shiroFilter' to: [/*]
2018-05-17 15:33:09,368 [main] INFO  [org.springframework.web.servlet.handler.SimpleUrlHandlerMapping] - Mapped URL path [/**/favicon.ico] onto handler of type [class org.springframework.web.servlet.resource.ResourceHttpRequestHandler]
2018-05-17 15:33:09,714 [main] INFO  [org.springframework.web.servlet.mvc.method.annotation.RequestMappingHandlerAdapter] - Looking for @ControllerAdvice: org.springframework.boot.web.servlet.context.AnnotationConfigServletWebServerApplicationContext@3b2c72c2: startup date [Thu May 17 15:33:06 CST 2018]; root of context hierarchy
2018-05-17 15:33:09,766 [main] INFO  [org.springframework.web.servlet.mvc.method.annotation.RequestMappingHandlerMapping] - Mapped "{[/events],methods=[PUT]}" onto public com.eight.eightapp.bean.Event com.eight.eightapp.controller.EventController.update(com.eight.eightapp.bean.Event)
2018-05-17 15:33:09,767 [main] INFO  [org.springframework.web.servlet.mvc.method.annotation.RequestMappingHandlerMapping] - Mapped "{[/events/{id}],methods=[DELETE]}" onto public int com.eight.eightapp.controller.EventController.delete(java.lang.Integer)
2018-05-17 15:33:09,767 [main] INFO  [org.springframework.web.servlet.mvc.method.annotation.RequestMappingHandlerMapping] - Mapped "{[/events],methods=[POST]}" onto public com.eight.eightapp.bean.Event com.eight.eightapp.controller.EventController.create(com.eight.eightapp.bean.Event)
2018-05-17 15:33:09,767 [main] INFO  [org.springframework.web.servlet.mvc.method.annotation.RequestMappingHandlerMapping] - Mapped "{[/events],methods=[GET]}" onto public java.util.List<com.eight.eightapp.bean.Event> com.eight.eightapp.controller.EventController.list(javax.servlet.http.HttpServletRequest)
2018-05-17 15:33:09,768 [main] INFO  [org.springframework.web.servlet.mvc.method.annotation.RequestMappingHandlerMapping] - Mapped "{[/events/{id}],methods=[GET]}" onto public com.eight.eightapp.bean.Event com.eight.eightapp.controller.EventController.detail(java.lang.Integer)
2018-05-17 15:33:09,768 [main] INFO  [org.springframework.web.servlet.mvc.method.annotation.RequestMappingHandlerMapping] - Mapped "{[/index]}" onto public java.lang.String com.eight.eightapp.controller.IndexController.index(org.springframework.ui.Model)
2018-05-17 15:33:09,769 [main] INFO  [org.springframework.web.servlet.mvc.method.annotation.RequestMappingHandlerMapping] - Mapped "{[/test]}" onto public java.lang.String com.eight.eightapp.controller.IndexController.test(java.util.Map<java.lang.String, java.lang.Object>)
2018-05-17 15:33:09,769 [main] INFO  [org.springframework.web.servlet.mvc.method.annotation.RequestMappingHandlerMapping] - Mapped "{[/]}" onto public java.lang.String com.eight.eightapp.controller.LoginController.index()
2018-05-17 15:33:09,769 [main] INFO  [org.springframework.web.servlet.mvc.method.annotation.RequestMappingHandlerMapping] - Mapped "{[/login],methods=[GET]}" onto public java.lang.String com.eight.eightapp.controller.LoginController.login()
2018-05-17 15:33:09,769 [main] INFO  [org.springframework.web.servlet.mvc.method.annotation.RequestMappingHandlerMapping] - Mapped "{[/login],methods=[POST]}" onto public java.lang.String com.eight.eightapp.controller.LoginController.login(java.lang.String,java.lang.String,boolean)
2018-05-17 15:33:09,771 [main] INFO  [org.springframework.web.servlet.mvc.method.annotation.RequestMappingHandlerMapping] - Mapped "{[/users],methods=[PUT]}" onto public com.eight.eightapp.bean.User com.eight.eightapp.controller.UserController.update(com.eight.eightapp.bean.User)
2018-05-17 15:33:09,772 [main] INFO  [org.springframework.web.servlet.mvc.method.annotation.RequestMappingHandlerMapping] - Mapped "{[/users/{id}],methods=[DELETE]}" onto public int com.eight.eightapp.controller.UserController.delete(java.lang.Integer)
2018-05-17 15:33:09,772 [main] INFO  [org.springframework.web.servlet.mvc.method.annotation.RequestMappingHandlerMapping] - Mapped "{[/users],methods=[POST]}" onto public com.eight.eightapp.bean.User com.eight.eightapp.controller.UserController.create(com.eight.eightapp.bean.User)
2018-05-17 15:33:09,772 [main] INFO  [org.springframework.web.servlet.mvc.method.annotation.RequestMappingHandlerMapping] - Mapped "{[/users],methods=[GET]}" onto public java.util.List<com.eight.eightapp.bean.User> com.eight.eightapp.controller.UserController.list(javax.servlet.http.HttpServletRequest)
2018-05-17 15:33:09,772 [main] INFO  [org.springframework.web.servlet.mvc.method.annotation.RequestMappingHandlerMapping] - Mapped "{[/users/{id}],methods=[GET]}" onto public com.eight.eightapp.bean.User com.eight.eightapp.controller.UserController.detail(java.lang.Integer)
2018-05-17 15:33:09,776 [main] INFO  [org.springframework.web.servlet.mvc.method.annotation.RequestMappingHandlerMapping] - Mapped "{[/error]}" onto public org.springframework.http.ResponseEntity<java.util.Map<java.lang.String, java.lang.Object>> org.springframework.boot.autoconfigure.web.servlet.error.BasicErrorController.error(javax.servlet.http.HttpServletRequest)
2018-05-17 15:33:09,777 [main] INFO  [org.springframework.web.servlet.mvc.method.annotation.RequestMappingHandlerMapping] - Mapped "{[/error],produces=[text/html]}" onto public org.springframework.web.servlet.ModelAndView org.springframework.boot.autoconfigure.web.servlet.error.BasicErrorController.errorHtml(javax.servlet.http.HttpServletRequest,javax.servlet.http.HttpServletResponse)
2018-05-17 15:33:09,809 [main] INFO  [org.springframework.web.servlet.handler.SimpleUrlHandlerMapping] - Mapped URL path [/webjars/**] onto handler of type [class org.springframework.web.servlet.resource.ResourceHttpRequestHandler]
2018-05-17 15:33:09,809 [main] INFO  [org.springframework.web.servlet.handler.SimpleUrlHandlerMapping] - Mapped URL path [/**] onto handler of type [class org.springframework.web.servlet.resource.ResourceHttpRequestHandler]
2018-05-17 15:33:09,935 [main] INFO  [org.springframework.boot.autoconfigure.web.servlet.WelcomePageHandlerMapping] - Adding welcome page template: index
2018-05-17 15:33:10,033 [main] INFO  [org.springframework.web.servlet.view.freemarker.FreeMarkerConfigurer] - ClassTemplateLoader for Spring macros added to FreeMarker configuration
2018-05-17 15:33:10,210 [main] INFO  [org.springframework.jmx.export.annotation.AnnotationMBeanExporter] - Registering beans for JMX exposure on startup
2018-05-17 15:33:10,250 [main] INFO  [org.springframework.boot.web.embedded.tomcat.TomcatWebServer] - Tomcat started on port(s): 8080 (http) with context path ''
2018-05-17 15:33:10,253 [main] INFO  [com.eight.eightapp.EightApplication] - Started EightApplication in 4.409 seconds (JVM running for 5.68)
2018-05-17 15:33:22,534 [http-nio-8080-exec-1] INFO  [org.springframework.web.servlet.DispatcherServlet] - FrameworkServlet 'dispatcherServlet': initialization started
2018-05-17 15:33:22,559 [http-nio-8080-exec-1] INFO  [org.springframework.web.servlet.DispatcherServlet] - FrameworkServlet 'dispatcherServlet': initialization completed in 24 ms
2018-05-17 15:34:19,217 [background-preinit] INFO  [org.hibernate.validator.internal.util.Version] - HV000001: Hibernate Validator 6.0.9.Final
2018-05-17 15:34:19,492 [main] INFO  [com.eight.eightapp.EightApplication] - Starting EightApplication on epsprjkzyl with PID 70236 (D:\workspace\eight\target\classes started by zhangyulong in D:\workspace\eight)
2018-05-17 15:34:19,492 [main] INFO  [com.eight.eightapp.EightApplication] - No active profile set, falling back to default profiles: default
2018-05-17 15:34:19,561 [main] INFO  [org.springframework.boot.web.servlet.context.AnnotationConfigServletWebServerApplicationContext] - Refreshing org.springframework.boot.web.servlet.context.AnnotationConfigServletWebServerApplicationContext@780cb77: startup date [Thu May 17 15:34:19 CST 2018]; root of context hierarchy
2018-05-17 15:34:20,747 [main] WARN  [org.springframework.context.annotation.ConfigurationClassPostProcessor] - Cannot enhance @Configuration bean definition 'mapperScannerConfig' since its singleton instance has been created too early. The typical cause is a non-static @Bean method with a BeanDefinitionRegistryPostProcessor return type: Consider declaring such methods as 'static'.
2018-05-17 15:34:20,931 [main] INFO  [org.springframework.context.support.PostProcessorRegistrationDelegate$BeanPostProcessorChecker] - Bean 'shiroConfiguration' of type [com.eight.eightapp.shiro.ShiroConfiguration$$EnhancerBySpringCGLIB$$38cd2b95] is not eligible for getting processed by all BeanPostProcessors (for example: not eligible for auto-proxying)
2018-05-17 15:34:21,117 [main] INFO  [org.springframework.context.support.PostProcessorRegistrationDelegate$BeanPostProcessorChecker] - Bean 'dataSourceConfig' of type [com.eight.eightapp.config.DataSourceConfig$$EnhancerBySpringCGLIB$$a51c79e6] is not eligible for getting processed by all BeanPostProcessors (for example: not eligible for auto-proxying)
2018-05-17 15:34:21,129 [MLog-Init-Reporter] INFO  [com.mchange.v2.log.MLog] - MLog clients using log4j logging.
2018-05-17 15:34:21,153 [main] INFO  [com.mchange.v2.c3p0.C3P0Registry] - Initializing c3p0-0.9.5.2 [built 08-December-2015 22:06:04 -0800; debug? true; trace: 10]
2018-05-17 15:34:21,196 [main] INFO  [org.springframework.context.support.PostProcessorRegistrationDelegate$BeanPostProcessorChecker] - Bean 'dataSource' of type [com.mchange.v2.c3p0.ComboPooledDataSource] is not eligible for getting processed by all BeanPostProcessors (for example: not eligible for auto-proxying)
2018-05-17 15:34:21,196 [main] INFO  [org.springframework.context.support.PostProcessorRegistrationDelegate$BeanPostProcessorChecker] - Bean 'myBatisConfig' of type [com.eight.eightapp.config.MyBatisConfig$$EnhancerBySpringCGLIB$$7c5ee0bc] is not eligible for getting processed by all BeanPostProcessors (for example: not eligible for auto-proxying)
2018-05-17 15:34:21,371 [main] INFO  [org.springframework.context.support.PostProcessorRegistrationDelegate$BeanPostProcessorChecker] - Bean 'sqlSessionFactory' of type [org.mybatis.spring.SqlSessionFactoryBean] is not eligible for getting processed by all BeanPostProcessors (for example: not eligible for auto-proxying)
2018-05-17 15:34:21,372 [main] INFO  [org.springframework.context.support.PostProcessorRegistrationDelegate$BeanPostProcessorChecker] - Bean 'sqlSessionFactory' of type [org.apache.ibatis.session.defaults.DefaultSqlSessionFactory] is not eligible for getting processed by all BeanPostProcessors (for example: not eligible for auto-proxying)
2018-05-17 15:34:21,374 [main] INFO  [org.springframework.context.support.PostProcessorRegistrationDelegate$BeanPostProcessorChecker] - Bean 'eventDao' of type [org.mybatis.spring.mapper.MapperFactoryBean] is not eligible for getting processed by all BeanPostProcessors (for example: not eligible for auto-proxying)
2018-05-17 15:34:21,374 [main] INFO  [org.springframework.context.support.PostProcessorRegistrationDelegate$BeanPostProcessorChecker] - Bean 'permissionDao' of type [org.mybatis.spring.mapper.MapperFactoryBean] is not eligible for getting processed by all BeanPostProcessors (for example: not eligible for auto-proxying)
2018-05-17 15:34:21,375 [main] INFO  [org.springframework.context.support.PostProcessorRegistrationDelegate$BeanPostProcessorChecker] - Bean 'roleDao' of type [org.mybatis.spring.mapper.MapperFactoryBean] is not eligible for getting processed by all BeanPostProcessors (for example: not eligible for auto-proxying)
2018-05-17 15:34:21,375 [main] INFO  [org.springframework.context.support.PostProcessorRegistrationDelegate$BeanPostProcessorChecker] - Bean 'userDao' of type [org.mybatis.spring.mapper.MapperFactoryBean] is not eligible for getting processed by all BeanPostProcessors (for example: not eligible for auto-proxying)
2018-05-17 15:34:21,377 [main] INFO  [org.springframework.context.support.PostProcessorRegistrationDelegate$BeanPostProcessorChecker] - Bean 'persistenceExceptionTranslator' of type [org.mybatis.spring.mapper.MapperFactoryBean] is not eligible for getting processed by all BeanPostProcessors (for example: not eligible for auto-proxying)
2018-05-17 15:34:21,379 [main] INFO  [org.springframework.context.support.PostProcessorRegistrationDelegate$BeanPostProcessorChecker] - Bean 'userDao' of type [com.sun.proxy.$Proxy52] is not eligible for getting processed by all BeanPostProcessors (for example: not eligible for auto-proxying)
2018-05-17 15:34:21,380 [main] INFO  [org.springframework.context.support.PostProcessorRegistrationDelegate$BeanPostProcessorChecker] - Bean 'permissionDao' of type [com.sun.proxy.$Proxy53] is not eligible for getting processed by all BeanPostProcessors (for example: not eligible for auto-proxying)
2018-05-17 15:34:21,380 [main] INFO  [org.springframework.context.support.PostProcessorRegistrationDelegate$BeanPostProcessorChecker] - Bean 'shiroRealm' of type [com.eight.eightapp.shiro.ShiroRealm] is not eligible for getting processed by all BeanPostProcessors (for example: not eligible for auto-proxying)
2018-05-17 15:34:21,388 [main] INFO  [org.springframework.context.support.PostProcessorRegistrationDelegate$BeanPostProcessorChecker] - Bean 'securityManager' of type [org.apache.shiro.web.mgt.DefaultWebSecurityManager] is not eligible for getting processed by all BeanPostProcessors (for example: not eligible for auto-proxying)
2018-05-17 15:34:21,431 [main] INFO  [org.springframework.context.support.PostProcessorRegistrationDelegate$BeanPostProcessorChecker] - Bean 'transactionConfig' of type [com.eight.eightapp.config.TransactionConfig$$EnhancerBySpringCGLIB$$40d10e07] is not eligible for getting processed by all BeanPostProcessors (for example: not eligible for auto-proxying)
2018-05-17 15:34:21,443 [main] INFO  [org.springframework.context.support.PostProcessorRegistrationDelegate$BeanPostProcessorChecker] - Bean 'authorizationAttributeSourceAdvisor' of type [org.apache.shiro.spring.security.interceptor.AuthorizationAttributeSourceAdvisor] is not eligible for getting processed by all BeanPostProcessors (for example: not eligible for auto-proxying)
2018-05-17 15:34:21,453 [main] INFO  [org.springframework.context.support.PostProcessorRegistrationDelegate$BeanPostProcessorChecker] - Bean 'annotationDrivenTransactionManager' of type [org.springframework.jdbc.datasource.DataSourceTransactionManager] is not eligible for getting processed by all BeanPostProcessors (for example: not eligible for auto-proxying)
2018-05-17 15:34:21,455 [main] INFO  [org.springframework.context.support.PostProcessorRegistrationDelegate$BeanPostProcessorChecker] - Bean 'org.springframework.transaction.annotation.ProxyTransactionManagementConfiguration' of type [org.springframework.transaction.annotation.ProxyTransactionManagementConfiguration$$EnhancerBySpringCGLIB$$5bb6ebfe] is not eligible for getting processed by all BeanPostProcessors (for example: not eligible for auto-proxying)
2018-05-17 15:34:21,738 [main] INFO  [org.springframework.boot.web.embedded.tomcat.TomcatWebServer] - Tomcat initialized with port(s): 8080 (http)
2018-05-17 15:34:21,896 [localhost-startStop-1] INFO  [org.springframework.web.context.ContextLoader] - Root WebApplicationContext: initialization completed in 2338 ms
2018-05-17 15:34:22,051 [localhost-startStop-1] INFO  [org.springframework.boot.web.servlet.ServletRegistrationBean] - Servlet dispatcherServlet mapped to [/]
2018-05-17 15:34:22,054 [localhost-startStop-1] INFO  [org.springframework.boot.web.servlet.FilterRegistrationBean] - Mapping filter: 'characterEncodingFilter' to: [/*]
2018-05-17 15:34:22,054 [localhost-startStop-1] INFO  [org.springframework.boot.web.servlet.FilterRegistrationBean] - Mapping filter: 'hiddenHttpMethodFilter' to: [/*]
2018-05-17 15:34:22,054 [localhost-startStop-1] INFO  [org.springframework.boot.web.servlet.FilterRegistrationBean] - Mapping filter: 'httpPutFormContentFilter' to: [/*]
2018-05-17 15:34:22,054 [localhost-startStop-1] INFO  [org.springframework.boot.web.servlet.FilterRegistrationBean] - Mapping filter: 'requestContextFilter' to: [/*]
2018-05-17 15:34:22,054 [localhost-startStop-1] INFO  [org.springframework.boot.web.servlet.FilterRegistrationBean] - Mapping filter: 'shiroFilter' to: [/*]
2018-05-17 15:34:22,174 [main] INFO  [org.springframework.web.servlet.handler.SimpleUrlHandlerMapping] - Mapped URL path [/**/favicon.ico] onto handler of type [class org.springframework.web.servlet.resource.ResourceHttpRequestHandler]
2018-05-17 15:34:22,511 [main] INFO  [org.springframework.web.servlet.mvc.method.annotation.RequestMappingHandlerAdapter] - Looking for @ControllerAdvice: org.springframework.boot.web.servlet.context.AnnotationConfigServletWebServerApplicationContext@780cb77: startup date [Thu May 17 15:34:19 CST 2018]; root of context hierarchy
2018-05-17 15:34:22,561 [main] INFO  [org.springframework.web.servlet.mvc.method.annotation.RequestMappingHandlerMapping] - Mapped "{[/events],methods=[PUT]}" onto public com.eight.eightapp.bean.Event com.eight.eightapp.controller.EventController.update(com.eight.eightapp.bean.Event)
2018-05-17 15:34:22,561 [main] INFO  [org.springframework.web.servlet.mvc.method.annotation.RequestMappingHandlerMapping] - Mapped "{[/events/{id}],methods=[DELETE]}" onto public int com.eight.eightapp.controller.EventController.delete(java.lang.Integer)
2018-05-17 15:34:22,561 [main] INFO  [org.springframework.web.servlet.mvc.method.annotation.RequestMappingHandlerMapping] - Mapped "{[/events],methods=[POST]}" onto public com.eight.eightapp.bean.Event com.eight.eightapp.controller.EventController.create(com.eight.eightapp.bean.Event)
2018-05-17 15:34:22,562 [main] INFO  [org.springframework.web.servlet.mvc.method.annotation.RequestMappingHandlerMapping] - Mapped "{[/events],methods=[GET]}" onto public java.util.List<com.eight.eightapp.bean.Event> com.eight.eightapp.controller.EventController.list(javax.servlet.http.HttpServletRequest)
2018-05-17 15:34:22,562 [main] INFO  [org.springframework.web.servlet.mvc.method.annotation.RequestMappingHandlerMapping] - Mapped "{[/events/{id}],methods=[GET]}" onto public com.eight.eightapp.bean.Event com.eight.eightapp.controller.EventController.detail(java.lang.Integer)
2018-05-17 15:34:22,563 [main] INFO  [org.springframework.web.servlet.mvc.method.annotation.RequestMappingHandlerMapping] - Mapped "{[/index]}" onto public java.lang.String com.eight.eightapp.controller.IndexController.index(org.springframework.ui.Model)
2018-05-17 15:34:22,563 [main] INFO  [org.springframework.web.servlet.mvc.method.annotation.RequestMappingHandlerMapping] - Mapped "{[/test]}" onto public java.lang.String com.eight.eightapp.controller.IndexController.test(java.util.Map<java.lang.String, java.lang.Object>)
2018-05-17 15:34:22,564 [main] INFO  [org.springframework.web.servlet.mvc.method.annotation.RequestMappingHandlerMapping] - Mapped "{[/]}" onto public java.lang.String com.eight.eightapp.controller.LoginController.index()
2018-05-17 15:34:22,564 [main] INFO  [org.springframework.web.servlet.mvc.method.annotation.RequestMappingHandlerMapping] - Mapped "{[/login],methods=[GET]}" onto public java.lang.String com.eight.eightapp.controller.LoginController.login()
2018-05-17 15:34:22,564 [main] INFO  [org.springframework.web.servlet.mvc.method.annotation.RequestMappingHandlerMapping] - Mapped "{[/login],methods=[POST]}" onto public java.lang.String com.eight.eightapp.controller.LoginController.login(java.lang.String,java.lang.String,boolean)
2018-05-17 15:34:22,566 [main] INFO  [org.springframework.web.servlet.mvc.method.annotation.RequestMappingHandlerMapping] - Mapped "{[/users],methods=[PUT]}" onto public com.eight.eightapp.bean.User com.eight.eightapp.controller.UserController.update(com.eight.eightapp.bean.User)
2018-05-17 15:34:22,566 [main] INFO  [org.springframework.web.servlet.mvc.method.annotation.RequestMappingHandlerMapping] - Mapped "{[/users/{id}],methods=[DELETE]}" onto public int com.eight.eightapp.controller.UserController.delete(java.lang.Integer)
2018-05-17 15:34:22,566 [main] INFO  [org.springframework.web.servlet.mvc.method.annotation.RequestMappingHandlerMapping] - Mapped "{[/users],methods=[POST]}" onto public com.eight.eightapp.bean.User com.eight.eightapp.controller.UserController.create(com.eight.eightapp.bean.User)
2018-05-17 15:34:22,567 [main] INFO  [org.springframework.web.servlet.mvc.method.annotation.RequestMappingHandlerMapping] - Mapped "{[/users],methods=[GET]}" onto public java.util.List<com.eight.eightapp.bean.User> com.eight.eightapp.controller.UserController.list(javax.servlet.http.HttpServletRequest)
2018-05-17 15:34:22,567 [main] INFO  [org.springframework.web.servlet.mvc.method.annotation.RequestMappingHandlerMapping] - Mapped "{[/users/{id}],methods=[GET]}" onto public com.eight.eightapp.bean.User com.eight.eightapp.controller.UserController.detail(java.lang.Integer)
2018-05-17 15:34:22,570 [main] INFO  [org.springframework.web.servlet.mvc.method.annotation.RequestMappingHandlerMapping] - Mapped "{[/error]}" onto public org.springframework.http.ResponseEntity<java.util.Map<java.lang.String, java.lang.Object>> org.springframework.boot.autoconfigure.web.servlet.error.BasicErrorController.error(javax.servlet.http.HttpServletRequest)
2018-05-17 15:34:22,571 [main] INFO  [org.springframework.web.servlet.mvc.method.annotation.RequestMappingHandlerMapping] - Mapped "{[/error],produces=[text/html]}" onto public org.springframework.web.servlet.ModelAndView org.springframework.boot.autoconfigure.web.servlet.error.BasicErrorController.errorHtml(javax.servlet.http.HttpServletRequest,javax.servlet.http.HttpServletResponse)
2018-05-17 15:34:22,604 [main] INFO  [org.springframework.web.servlet.handler.SimpleUrlHandlerMapping] - Mapped URL path [/webjars/**] onto handler of type [class org.springframework.web.servlet.resource.ResourceHttpRequestHandler]
2018-05-17 15:34:22,604 [main] INFO  [org.springframework.web.servlet.handler.SimpleUrlHandlerMapping] - Mapped URL path [/**] onto handler of type [class org.springframework.web.servlet.resource.ResourceHttpRequestHandler]
2018-05-17 15:34:22,732 [main] INFO  [org.springframework.boot.autoconfigure.web.servlet.WelcomePageHandlerMapping] - Adding welcome page template: index
2018-05-17 15:34:22,837 [main] INFO  [org.springframework.web.servlet.view.freemarker.FreeMarkerConfigurer] - ClassTemplateLoader for Spring macros added to FreeMarker configuration
2018-05-17 15:34:22,998 [main] INFO  [org.springframework.jmx.export.annotation.AnnotationMBeanExporter] - Registering beans for JMX exposure on startup
2018-05-17 15:34:23,040 [main] INFO  [org.springframework.boot.web.embedded.tomcat.TomcatWebServer] - Tomcat started on port(s): 8080 (http) with context path ''
2018-05-17 15:34:23,044 [main] INFO  [com.eight.eightapp.EightApplication] - Started EightApplication in 4.088 seconds (JVM running for 5.267)
2018-05-17 15:34:32,343 [http-nio-8080-exec-1] INFO  [org.springframework.web.servlet.DispatcherServlet] - FrameworkServlet 'dispatcherServlet': initialization started
2018-05-17 15:34:32,373 [http-nio-8080-exec-1] INFO  [org.springframework.web.servlet.DispatcherServlet] - FrameworkServlet 'dispatcherServlet': initialization completed in 30 ms
2018-05-17 15:34:51,713 [background-preinit] INFO  [org.hibernate.validator.internal.util.Version] - HV000001: Hibernate Validator 6.0.9.Final
2018-05-17 15:34:52,015 [main] INFO  [com.eight.eightapp.EightApplication] - Starting EightApplication on epsprjkzyl with PID 64376 (D:\workspace\eight\target\classes started by zhangyulong in D:\workspace\eight)
2018-05-17 15:34:52,016 [main] INFO  [com.eight.eightapp.EightApplication] - No active profile set, falling back to default profiles: default
2018-05-17 15:34:52,078 [main] INFO  [org.springframework.boot.web.servlet.context.AnnotationConfigServletWebServerApplicationContext] - Refreshing org.springframework.boot.web.servlet.context.AnnotationConfigServletWebServerApplicationContext@5d47c63f: startup date [Thu May 17 15:34:52 CST 2018]; root of context hierarchy
2018-05-17 15:34:53,297 [main] WARN  [org.springframework.context.annotation.ConfigurationClassPostProcessor] - Cannot enhance @Configuration bean definition 'mapperScannerConfig' since its singleton instance has been created too early. The typical cause is a non-static @Bean method with a BeanDefinitionRegistryPostProcessor return type: Consider declaring such methods as 'static'.
2018-05-17 15:34:53,466 [main] INFO  [org.springframework.context.support.PostProcessorRegistrationDelegate$BeanPostProcessorChecker] - Bean 'shiroConfiguration' of type [com.eight.eightapp.shiro.ShiroConfiguration$$EnhancerBySpringCGLIB$$1f5ff577] is not eligible for getting processed by all BeanPostProcessors (for example: not eligible for auto-proxying)
2018-05-17 15:34:53,671 [main] INFO  [org.springframework.context.support.PostProcessorRegistrationDelegate$BeanPostProcessorChecker] - Bean 'dataSourceConfig' of type [com.eight.eightapp.config.DataSourceConfig$$EnhancerBySpringCGLIB$$8baf43c8] is not eligible for getting processed by all BeanPostProcessors (for example: not eligible for auto-proxying)
2018-05-17 15:34:53,684 [MLog-Init-Reporter] INFO  [com.mchange.v2.log.MLog] - MLog clients using log4j logging.
2018-05-17 15:34:53,712 [main] INFO  [com.mchange.v2.c3p0.C3P0Registry] - Initializing c3p0-0.9.5.2 [built 08-December-2015 22:06:04 -0800; debug? true; trace: 10]
2018-05-17 15:34:53,757 [main] INFO  [org.springframework.context.support.PostProcessorRegistrationDelegate$BeanPostProcessorChecker] - Bean 'dataSource' of type [com.mchange.v2.c3p0.ComboPooledDataSource] is not eligible for getting processed by all BeanPostProcessors (for example: not eligible for auto-proxying)
2018-05-17 15:34:53,758 [main] INFO  [org.springframework.context.support.PostProcessorRegistrationDelegate$BeanPostProcessorChecker] - Bean 'myBatisConfig' of type [com.eight.eightapp.config.MyBatisConfig$$EnhancerBySpringCGLIB$$62f1aa9e] is not eligible for getting processed by all BeanPostProcessors (for example: not eligible for auto-proxying)
2018-05-17 15:34:53,926 [main] INFO  [org.springframework.context.support.PostProcessorRegistrationDelegate$BeanPostProcessorChecker] - Bean 'sqlSessionFactory' of type [org.mybatis.spring.SqlSessionFactoryBean] is not eligible for getting processed by all BeanPostProcessors (for example: not eligible for auto-proxying)
2018-05-17 15:34:53,926 [main] INFO  [org.springframework.context.support.PostProcessorRegistrationDelegate$BeanPostProcessorChecker] - Bean 'sqlSessionFactory' of type [org.apache.ibatis.session.defaults.DefaultSqlSessionFactory] is not eligible for getting processed by all BeanPostProcessors (for example: not eligible for auto-proxying)
2018-05-17 15:34:53,928 [main] INFO  [org.springframework.context.support.PostProcessorRegistrationDelegate$BeanPostProcessorChecker] - Bean 'eventDao' of type [org.mybatis.spring.mapper.MapperFactoryBean] is not eligible for getting processed by all BeanPostProcessors (for example: not eligible for auto-proxying)
2018-05-17 15:34:53,929 [main] INFO  [org.springframework.context.support.PostProcessorRegistrationDelegate$BeanPostProcessorChecker] - Bean 'permissionDao' of type [org.mybatis.spring.mapper.MapperFactoryBean] is not eligible for getting processed by all BeanPostProcessors (for example: not eligible for auto-proxying)
2018-05-17 15:34:53,929 [main] INFO  [org.springframework.context.support.PostProcessorRegistrationDelegate$BeanPostProcessorChecker] - Bean 'roleDao' of type [org.mybatis.spring.mapper.MapperFactoryBean] is not eligible for getting processed by all BeanPostProcessors (for example: not eligible for auto-proxying)
2018-05-17 15:34:53,930 [main] INFO  [org.springframework.context.support.PostProcessorRegistrationDelegate$BeanPostProcessorChecker] - Bean 'userDao' of type [org.mybatis.spring.mapper.MapperFactoryBean] is not eligible for getting processed by all BeanPostProcessors (for example: not eligible for auto-proxying)
2018-05-17 15:34:53,931 [main] INFO  [org.springframework.context.support.PostProcessorRegistrationDelegate$BeanPostProcessorChecker] - Bean 'persistenceExceptionTranslator' of type [org.mybatis.spring.mapper.MapperFactoryBean] is not eligible for getting processed by all BeanPostProcessors (for example: not eligible for auto-proxying)
2018-05-17 15:34:53,933 [main] INFO  [org.springframework.context.support.PostProcessorRegistrationDelegate$BeanPostProcessorChecker] - Bean 'userDao' of type [com.sun.proxy.$Proxy52] is not eligible for getting processed by all BeanPostProcessors (for example: not eligible for auto-proxying)
2018-05-17 15:34:53,935 [main] INFO  [org.springframework.context.support.PostProcessorRegistrationDelegate$BeanPostProcessorChecker] - Bean 'permissionDao' of type [com.sun.proxy.$Proxy53] is not eligible for getting processed by all BeanPostProcessors (for example: not eligible for auto-proxying)
2018-05-17 15:34:53,936 [main] INFO  [org.springframework.context.support.PostProcessorRegistrationDelegate$BeanPostProcessorChecker] - Bean 'shiroRealm' of type [com.eight.eightapp.shiro.ShiroRealm] is not eligible for getting processed by all BeanPostProcessors (for example: not eligible for auto-proxying)
2018-05-17 15:34:53,947 [main] INFO  [org.springframework.context.support.PostProcessorRegistrationDelegate$BeanPostProcessorChecker] - Bean 'securityManager' of type [org.apache.shiro.web.mgt.DefaultWebSecurityManager] is not eligible for getting processed by all BeanPostProcessors (for example: not eligible for auto-proxying)
2018-05-17 15:34:53,997 [main] INFO  [org.springframework.context.support.PostProcessorRegistrationDelegate$BeanPostProcessorChecker] - Bean 'transactionConfig' of type [com.eight.eightapp.config.TransactionConfig$$EnhancerBySpringCGLIB$$2763d7e9] is not eligible for getting processed by all BeanPostProcessors (for example: not eligible for auto-proxying)
2018-05-17 15:34:54,009 [main] INFO  [org.springframework.context.support.PostProcessorRegistrationDelegate$BeanPostProcessorChecker] - Bean 'authorizationAttributeSourceAdvisor' of type [org.apache.shiro.spring.security.interceptor.AuthorizationAttributeSourceAdvisor] is not eligible for getting processed by all BeanPostProcessors (for example: not eligible for auto-proxying)
2018-05-17 15:34:54,019 [main] INFO  [org.springframework.context.support.PostProcessorRegistrationDelegate$BeanPostProcessorChecker] - Bean 'annotationDrivenTransactionManager' of type [org.springframework.jdbc.datasource.DataSourceTransactionManager] is not eligible for getting processed by all BeanPostProcessors (for example: not eligible for auto-proxying)
2018-05-17 15:34:54,021 [main] INFO  [org.springframework.context.support.PostProcessorRegistrationDelegate$BeanPostProcessorChecker] - Bean 'org.springframework.transaction.annotation.ProxyTransactionManagementConfiguration' of type [org.springframework.transaction.annotation.ProxyTransactionManagementConfiguration$$EnhancerBySpringCGLIB$$4249b5e0] is not eligible for getting processed by all BeanPostProcessors (for example: not eligible for auto-proxying)
2018-05-17 15:34:54,317 [main] INFO  [org.springframework.boot.web.embedded.tomcat.TomcatWebServer] - Tomcat initialized with port(s): 8080 (http)
2018-05-17 15:34:54,475 [localhost-startStop-1] INFO  [org.springframework.web.context.ContextLoader] - Root WebApplicationContext: initialization completed in 2402 ms
2018-05-17 15:34:54,632 [localhost-startStop-1] INFO  [org.springframework.boot.web.servlet.ServletRegistrationBean] - Servlet dispatcherServlet mapped to [/]
2018-05-17 15:34:54,636 [localhost-startStop-1] INFO  [org.springframework.boot.web.servlet.FilterRegistrationBean] - Mapping filter: 'characterEncodingFilter' to: [/*]
2018-05-17 15:34:54,636 [localhost-startStop-1] INFO  [org.springframework.boot.web.servlet.FilterRegistrationBean] - Mapping filter: 'hiddenHttpMethodFilter' to: [/*]
2018-05-17 15:34:54,636 [localhost-startStop-1] INFO  [org.springframework.boot.web.servlet.FilterRegistrationBean] - Mapping filter: 'httpPutFormContentFilter' to: [/*]
2018-05-17 15:34:54,636 [localhost-startStop-1] INFO  [org.springframework.boot.web.servlet.FilterRegistrationBean] - Mapping filter: 'requestContextFilter' to: [/*]
2018-05-17 15:34:54,636 [localhost-startStop-1] INFO  [org.springframework.boot.web.servlet.FilterRegistrationBean] - Mapping filter: 'shiroFilter' to: [/*]
2018-05-17 15:34:54,761 [main] INFO  [org.springframework.web.servlet.handler.SimpleUrlHandlerMapping] - Mapped URL path [/**/favicon.ico] onto handler of type [class org.springframework.web.servlet.resource.ResourceHttpRequestHandler]
2018-05-17 15:34:55,069 [main] INFO  [org.springframework.web.servlet.mvc.method.annotation.RequestMappingHandlerAdapter] - Looking for @ControllerAdvice: org.springframework.boot.web.servlet.context.AnnotationConfigServletWebServerApplicationContext@5d47c63f: startup date [Thu May 17 15:34:52 CST 2018]; root of context hierarchy
2018-05-17 15:34:55,120 [main] INFO  [org.springframework.web.servlet.mvc.method.annotation.RequestMappingHandlerMapping] - Mapped "{[/events],methods=[PUT]}" onto public com.eight.eightapp.bean.Event com.eight.eightapp.controller.EventController.update(com.eight.eightapp.bean.Event)
2018-05-17 15:34:55,121 [main] INFO  [org.springframework.web.servlet.mvc.method.annotation.RequestMappingHandlerMapping] - Mapped "{[/events/{id}],methods=[DELETE]}" onto public int com.eight.eightapp.controller.EventController.delete(java.lang.Integer)
2018-05-17 15:34:55,121 [main] INFO  [org.springframework.web.servlet.mvc.method.annotation.RequestMappingHandlerMapping] - Mapped "{[/events],methods=[POST]}" onto public com.eight.eightapp.bean.Event com.eight.eightapp.controller.EventController.create(com.eight.eightapp.bean.Event)
2018-05-17 15:34:55,121 [main] INFO  [org.springframework.web.servlet.mvc.method.annotation.RequestMappingHandlerMapping] - Mapped "{[/events],methods=[GET]}" onto public java.util.List<com.eight.eightapp.bean.Event> com.eight.eightapp.controller.EventController.list(javax.servlet.http.HttpServletRequest)
2018-05-17 15:34:55,121 [main] INFO  [org.springframework.web.servlet.mvc.method.annotation.RequestMappingHandlerMapping] - Mapped "{[/events/{id}],methods=[GET]}" onto public com.eight.eightapp.bean.Event com.eight.eightapp.controller.EventController.detail(java.lang.Integer)
2018-05-17 15:34:55,122 [main] INFO  [org.springframework.web.servlet.mvc.method.annotation.RequestMappingHandlerMapping] - Mapped "{[/index]}" onto public java.lang.String com.eight.eightapp.controller.IndexController.index(org.springframework.ui.Model)
2018-05-17 15:34:55,122 [main] INFO  [org.springframework.web.servlet.mvc.method.annotation.RequestMappingHandlerMapping] - Mapped "{[/test]}" onto public java.lang.String com.eight.eightapp.controller.IndexController.test(java.util.Map<java.lang.String, java.lang.Object>)
2018-05-17 15:34:55,123 [main] INFO  [org.springframework.web.servlet.mvc.method.annotation.RequestMappingHandlerMapping] - Mapped "{[/]}" onto public java.lang.String com.eight.eightapp.controller.LoginController.index()
2018-05-17 15:34:55,123 [main] INFO  [org.springframework.web.servlet.mvc.method.annotation.RequestMappingHandlerMapping] - Mapped "{[/login],methods=[GET]}" onto public java.lang.String com.eight.eightapp.controller.LoginController.login()
2018-05-17 15:34:55,123 [main] INFO  [org.springframework.web.servlet.mvc.method.annotation.RequestMappingHandlerMapping] - Mapped "{[/login],methods=[POST]}" onto public java.lang.String com.eight.eightapp.controller.LoginController.login(java.lang.String,java.lang.String,boolean)
2018-05-17 15:34:55,125 [main] INFO  [org.springframework.web.servlet.mvc.method.annotation.RequestMappingHandlerMapping] - Mapped "{[/users],methods=[PUT]}" onto public com.eight.eightapp.bean.User com.eight.eightapp.controller.UserController.update(com.eight.eightapp.bean.User)
2018-05-17 15:34:55,126 [main] INFO  [org.springframework.web.servlet.mvc.method.annotation.RequestMappingHandlerMapping] - Mapped "{[/users/{id}],methods=[DELETE]}" onto public int com.eight.eightapp.controller.UserController.delete(java.lang.Integer)
2018-05-17 15:34:55,126 [main] INFO  [org.springframework.web.servlet.mvc.method.annotation.RequestMappingHandlerMapping] - Mapped "{[/users],methods=[POST]}" onto public com.eight.eightapp.bean.User com.eight.eightapp.controller.UserController.create(com.eight.eightapp.bean.User)
2018-05-17 15:34:55,127 [main] INFO  [org.springframework.web.servlet.mvc.method.annotation.RequestMappingHandlerMapping] - Mapped "{[/users],methods=[GET]}" onto public java.util.List<com.eight.eightapp.bean.User> com.eight.eightapp.controller.UserController.list(javax.servlet.http.HttpServletRequest)
2018-05-17 15:34:55,127 [main] INFO  [org.springframework.web.servlet.mvc.method.annotation.RequestMappingHandlerMapping] - Mapped "{[/users/{id}],methods=[GET]}" onto public com.eight.eightapp.bean.User com.eight.eightapp.controller.UserController.detail(java.lang.Integer)
2018-05-17 15:34:55,130 [main] INFO  [org.springframework.web.servlet.mvc.method.annotation.RequestMappingHandlerMapping] - Mapped "{[/error]}" onto public org.springframework.http.ResponseEntity<java.util.Map<java.lang.String, java.lang.Object>> org.springframework.boot.autoconfigure.web.servlet.error.BasicErrorController.error(javax.servlet.http.HttpServletRequest)
2018-05-17 15:34:55,131 [main] INFO  [org.springframework.web.servlet.mvc.method.annotation.RequestMappingHandlerMapping] - Mapped "{[/error],produces=[text/html]}" onto public org.springframework.web.servlet.ModelAndView org.springframework.boot.autoconfigure.web.servlet.error.BasicErrorController.errorHtml(javax.servlet.http.HttpServletRequest,javax.servlet.http.HttpServletResponse)
2018-05-17 15:34:55,160 [main] INFO  [org.springframework.web.servlet.handler.SimpleUrlHandlerMapping] - Mapped URL path [/webjars/**] onto handler of type [class org.springframework.web.servlet.resource.ResourceHttpRequestHandler]
2018-05-17 15:34:55,161 [main] INFO  [org.springframework.web.servlet.handler.SimpleUrlHandlerMapping] - Mapped URL path [/**] onto handler of type [class org.springframework.web.servlet.resource.ResourceHttpRequestHandler]
2018-05-17 15:34:55,278 [main] INFO  [org.springframework.boot.autoconfigure.web.servlet.WelcomePageHandlerMapping] - Adding welcome page template: index
2018-05-17 15:34:55,379 [main] INFO  [org.springframework.web.servlet.view.freemarker.FreeMarkerConfigurer] - ClassTemplateLoader for Spring macros added to FreeMarker configuration
2018-05-17 15:34:55,546 [main] INFO  [org.springframework.jmx.export.annotation.AnnotationMBeanExporter] - Registering beans for JMX exposure on startup
2018-05-17 15:34:55,587 [main] INFO  [org.springframework.boot.web.embedded.tomcat.TomcatWebServer] - Tomcat started on port(s): 8080 (http) with context path ''
2018-05-17 15:34:55,591 [main] INFO  [com.eight.eightapp.EightApplication] - Started EightApplication in 4.151 seconds (JVM running for 5.316)
2018-05-17 15:34:59,249 [http-nio-8080-exec-1] INFO  [org.springframework.web.servlet.DispatcherServlet] - FrameworkServlet 'dispatcherServlet': initialization started
2018-05-17 15:34:59,273 [http-nio-8080-exec-1] INFO  [org.springframework.web.servlet.DispatcherServlet] - FrameworkServlet 'dispatcherServlet': initialization completed in 24 ms
